# JRE version: OpenJDK Runtime Environment Temurin-17.0.3+7 (17.0.3+7) (build 17.0.3+7)
# Java VM: OpenJDK 64-Bit Server VM Temurin-17.0.3+7 (17.0.3+7, mixed mode, tiered, compressed oops, compressed class ptrs, g1 gc, windows-amd64)
GC Precious Log:
 CPUs: 8 total, 8 available
 Memory: 8009M
 Large Page Support: Disabled
 NUMA Support: Disabled
 Compressed Oops: Enabled (32-bit)
 Heap Region Size: 1M
 Heap Min Capacity: 8M
 Heap Initial Capacity: 126M
 Heap Max Capacity: 2004M
 Pre-touch: Disabled
 Parallel Workers: 8
 Concurrent Workers: 2
 Concurrent Refinement Workers: 8
 Periodic GC: Disabled
Heap:
 garbage-first heap   total 129024K, used 77731K [0x0000000082c00000, 0x0000000100000000)
  region size 1024K, 4 young (4096K), 4 survivors (4096K)
 Metaspace       used 77091K, committed 77568K, reserved 1122304K
  class space    used 9820K, committed 10048K, reserved 1048576K
GC Heap History (20 events):
Event: 7.208 GC heap after
{Heap after GC invocations=14 (full 0):
 garbage-first heap   total 89088K, used 30745K [0x0000000082c00000, 0x0000000100000000)
  region size 1024K, 3 young (3072K), 3 survivors (3072K)
 Metaspace       used 59904K, committed 60288K, reserved 1105920K
  class space    used 7394K, committed 7616K, reserved 1048576K
}
Event: 8.127 GC heap before
{Heap before GC invocations=15 (full 0):
 garbage-first heap   total 89088K, used 69657K [0x0000000082c00000, 0x0000000100000000)
  region size 1024K, 41 young (41984K), 3 survivors (3072K)
 Metaspace       used 66890K, committed 67264K, reserved 1114112K
  class space    used 8462K, committed 8640K, reserved 1048576K
}
Event: 8.135 GC heap after
{Heap after GC invocations=16 (full 0):
 garbage-first heap   total 89088K, used 32793K [0x0000000082c00000, 0x0000000100000000)
  region size 1024K, 5 young (5120K), 5 survivors (5120K)
 Metaspace       used 66890K, committed 67264K, reserved 1114112K
  class space    used 8462K, committed 8640K, reserved 1048576K
}
Event: 8.599 GC heap before
{Heap before GC invocations=16 (full 0):
 garbage-first heap   total 89088K, used 70681K [0x0000000082c00000, 0x0000000100000000)
  region size 1024K, 42 young (43008K), 5 survivors (5120K)
 Metaspace       used 69791K, committed 70144K, reserved 1114112K
  class space    used 8846K, committed 9024K, reserved 1048576K
}
Event: 8.611 GC heap after
{Heap after GC invocations=17 (full 0):
 garbage-first heap   total 89088K, used 35121K [0x0000000082c00000, 0x0000000100000000)
  region size 1024K, 5 young (5120K), 5 survivors (5120K)
 Metaspace       used 69791K, committed 70144K, reserved 1114112K
  class space    used 8846K, committed 9024K, reserved 1048576K
}
Event: 9.252 GC heap before
{Heap before GC invocations=17 (full 0):
 garbage-first heap   total 89088K, used 69937K [0x0000000082c00000, 0x0000000100000000)
  region size 1024K, 39 young (39936K), 5 survivors (5120K)
 Metaspace       used 71534K, committed 71936K, reserved 1114112K
  class space    used 9085K, committed 9280K, reserved 1048576K
}
Event: 9.271 GC heap after
{Heap after GC invocations=18 (full 0):
 garbage-first heap   total 89088K, used 38317K [0x0000000082c00000, 0x0000000100000000)
  region size 1024K, 5 young (5120K), 5 survivors (5120K)
 Metaspace       used 71534K, committed 71936K, reserved 1114112K
  class space    used 9085K, committed 9280K, reserved 1048576K
}
Event: 9.824 GC heap before
{Heap before GC invocations=18 (full 0):
 garbage-first heap   total 89088K, used 70061K [0x0000000082c00000, 0x0000000100000000)
  region size 1024K, 36 young (36864K), 5 survivors (5120K)
 Metaspace       used 74124K, committed 74560K, reserved 1114112K
  class space    used 9429K, committed 9600K, reserved 1048576K
}
Event: 9.843 GC heap after
{Heap after GC invocations=19 (full 0):
 garbage-first heap   total 89088K, used 41756K [0x0000000082c00000, 0x0000000100000000)
  region size 1024K, 3 young (3072K), 3 survivors (3072K)
 Metaspace       used 74124K, committed 74560K, reserved 1114112K
  class space    used 9429K, committed 9600K, reserved 1048576K
}
Event: 10.185 GC heap before
{Heap before GC invocations=19 (full 0):
 garbage-first heap   total 89088K, used 71452K [0x0000000082c00000, 0x0000000100000000)
  region size 1024K, 32 young (32768K), 3 survivors (3072K)
 Metaspace       used 75821K, committed 76224K, reserved 1122304K
  class space    used 9703K, committed 9920K, reserved 1048576K
}
Event: 10.198 GC heap after
{Heap after GC invocations=20 (full 0):
 garbage-first heap   total 107520K, used 44194K [0x0000000082c00000, 0x0000000100000000)
  region size 1024K, 3 young (3072K), 3 survivors (3072K)
 Metaspace       used 75821K, committed 76224K, reserved 1122304K
  class space    used 9703K, committed 9920K, reserved 1048576K
}
Event: 10.649 GC heap before
{Heap before GC invocations=20 (full 0):
 garbage-first heap   total 107520K, used 90274K [0x0000000082c00000, 0x0000000100000000)
  region size 1024K, 44 young (45056K), 3 survivors (3072K)
 Metaspace       used 76903K, committed 77376K, reserved 1122304K
  class space    used 9807K, committed 10048K, reserved 1048576K
}
Event: 10.665 GC heap after
{Heap after GC invocations=21 (full 0):
 garbage-first heap   total 107520K, used 54539K [0x0000000082c00000, 0x0000000100000000)
  region size 1024K, 6 young (6144K), 6 survivors (6144K)
 Metaspace       used 76903K, committed 77376K, reserved 1122304K
  class space    used 9807K, committed 10048K, reserved 1048576K
}
Event: 10.772 GC heap before
{Heap before GC invocations=21 (full 0):
 garbage-first heap   total 107520K, used 83211K [0x0000000082c00000, 0x0000000100000000)
  region size 1024K, 35 young (35840K), 6 survivors (6144K)
 Metaspace       used 76943K, committed 77440K, reserved 1122304K
  class space    used 9807K, committed 10048K, reserved 1048576K
}
Event: 10.786 GC heap after
{Heap after GC invocations=22 (full 0):
 garbage-first heap   total 107520K, used 61656K [0x0000000082c00000, 0x0000000100000000)
  region size 1024K, 5 young (5120K), 5 survivors (5120K)
 Metaspace       used 76943K, committed 77440K, reserved 1122304K
  class space    used 9807K, committed 10048K, reserved 1048576K
}
Event: 11.038 GC heap before
{Heap before GC invocations=23 (full 0):
 garbage-first heap   total 128000K, used 80088K [0x0000000082c00000, 0x0000000100000000)
  region size 1024K, 27 young (27648K), 5 survivors (5120K)
 Metaspace       used 77079K, committed 77568K, reserved 1122304K
  class space    used 9820K, committed 10048K, reserved 1048576K
}
Event: 11.052 GC heap after
{Heap after GC invocations=24 (full 0):
 garbage-first heap   total 128000K, used 67267K [0x0000000082c00000, 0x0000000100000000)
  region size 1024K, 4 young (4096K), 4 survivors (4096K)
 Metaspace       used 77079K, committed 77568K, reserved 1122304K
  class space    used 9820K, committed 10048K, reserved 1048576K
}
Event: 11.065 GC heap before
{Heap before GC invocations=24 (full 0):
 garbage-first heap   total 128000K, used 69315K [0x0000000082c00000, 0x0000000100000000)
  region size 1024K, 7 young (7168K), 4 survivors (4096K)
 Metaspace       used 77084K, committed 77568K, reserved 1122304K
  class space    used 9820K, committed 10048K, reserved 1048576K
}
Event: 11.071 GC heap after
{Heap after GC invocations=25 (full 0):
 garbage-first heap   total 128000K, used 68875K [0x0000000082c00000, 0x0000000100000000)
  region size 1024K, 1 young (1024K), 1 survivors (1024K)
 Metaspace       used 77084K, committed 77568K, reserved 1122304K
  class space    used 9820K, committed 10048K, reserved 1048576K
}
Event: 11.194 GC heap before
{Heap before GC invocations=25 (full 0):
 garbage-first heap   total 128000K, used 99595K [0x0000000082c00000, 0x0000000100000000)
  region size 1024K, 28 young (28672K), 1 survivors (1024K)
 Metaspace       used 77091K, committed 77568K, reserved 1122304K
  class space    used 9820K, committed 10048K, reserved 1048576K
}

